{"D:\\ESTUDIO_PROYECTOS\\REACT\\proyect_List\\text-list\\src\\App.js": {"path":"D:\\ESTUDIO_PROYECTOS\\REACT\\proyect_List\\text-list\\src\\App.js","statementMap":{"0":{"start":{"line":15,"column":54},"end":{"line":15,"column":69}},"1":{"start":{"line":16,"column":38},"end":{"line":16,"column":50}},"2":{"start":{"line":17,"column":34},"end":{"line":17,"column":49}},"3":{"start":{"line":18,"column":34},"end":{"line":18,"column":48}},"4":{"start":{"line":20,"column":26},"end":{"line":24,"column":3}},"5":{"start":{"line":21,"column":4},"end":{"line":21,"column":47}},"6":{"start":{"line":22,"column":4},"end":{"line":22,"column":23}},"7":{"start":{"line":23,"column":4},"end":{"line":23,"column":22}},"8":{"start":{"line":26,"column":22},"end":{"line":52,"column":3}},"9":{"start":{"line":27,"column":23},"end":{"line":27,"column":37}},"10":{"start":{"line":28,"column":4},"end":{"line":28,"column":30}},"11":{"start":{"line":30,"column":27},"end":{"line":36,"column":5}},"12":{"start":{"line":31,"column":6},"end":{"line":35,"column":7}},"13":{"start":{"line":32,"column":8},"end":{"line":32,"column":82}},"14":{"start":{"line":34,"column":8},"end":{"line":34,"column":80}},"15":{"start":{"line":38,"column":4},"end":{"line":50,"column":5}},"16":{"start":{"line":39,"column":6},"end":{"line":39,"column":34}},"17":{"start":{"line":40,"column":6},"end":{"line":44,"column":7}},"18":{"start":{"line":41,"column":8},"end":{"line":41,"column":25}},"19":{"start":{"line":43,"column":8},"end":{"line":43,"column":27}},"20":{"start":{"line":46,"column":6},"end":{"line":46,"column":35}},"21":{"start":{"line":47,"column":6},"end":{"line":49,"column":7}},"22":{"start":{"line":48,"column":8},"end":{"line":48,"column":25}},"23":{"start":{"line":51,"column":4},"end":{"line":51,"column":22}},"24":{"start":{"line":54,"column":20},"end":{"line":54,"column":70}},"25":{"start":{"line":56,"column":2},"end":{"line":81,"column":19}},"26":{"start":{"line":58,"column":6},"end":{"line":64,"column":7}},"27":{"start":{"line":59,"column":8},"end":{"line":59,"column":25}},"28":{"start":{"line":60,"column":13},"end":{"line":64,"column":7}},"29":{"start":{"line":61,"column":8},"end":{"line":61,"column":27}},"30":{"start":{"line":63,"column":8},"end":{"line":63,"column":26}},"31":{"start":{"line":67,"column":27},"end":{"line":73,"column":5}},"32":{"start":{"line":68,"column":6},"end":{"line":72,"column":7}},"33":{"start":{"line":69,"column":8},"end":{"line":69,"column":82}},"34":{"start":{"line":71,"column":8},"end":{"line":71,"column":80}},"35":{"start":{"line":75,"column":4},"end":{"line":75,"column":52}},"36":{"start":{"line":76,"column":4},"end":{"line":76,"column":19}},"37":{"start":{"line":78,"column":4},"end":{"line":80,"column":6}},"38":{"start":{"line":79,"column":6},"end":{"line":79,"column":57}},"39":{"start":{"line":83,"column":2},"end":{"line":139,"column":4}},"40":{"start":{"line":95,"column":29},"end":{"line":95,"column":43}},"41":{"start":{"line":102,"column":14},"end":{"line":104,"column":21}},"42":{"start":{"line":117,"column":28},"end":{"line":117,"column":46}},"43":{"start":{"line":118,"column":26},"end":{"line":118,"column":42}},"44":{"start":{"line":119,"column":24},"end":{"line":119,"column":26}},"45":{"start":{"line":120,"column":12},"end":{"line":122,"column":13}},"46":{"start":{"line":121,"column":14},"end":{"line":121,"column":27}},"47":{"start":{"line":124,"column":12},"end":{"line":133,"column":14}}},"fnMap":{"0":{"name":"App","decl":{"start":{"line":14,"column":9},"end":{"line":14,"column":12}},"loc":{"start":{"line":14,"column":15},"end":{"line":140,"column":1}},"line":14},"1":{"name":"(anonymous_1)","decl":{"start":{"line":20,"column":26},"end":{"line":20,"column":27}},"loc":{"start":{"line":20,"column":32},"end":{"line":24,"column":3}},"line":20},"2":{"name":"(anonymous_2)","decl":{"start":{"line":26,"column":22},"end":{"line":26,"column":23}},"loc":{"start":{"line":26,"column":29},"end":{"line":52,"column":3}},"line":26},"3":{"name":"(anonymous_3)","decl":{"start":{"line":30,"column":27},"end":{"line":30,"column":28}},"loc":{"start":{"line":30,"column":33},"end":{"line":36,"column":5}},"line":30},"4":{"name":"(anonymous_4)","decl":{"start":{"line":56,"column":12},"end":{"line":56,"column":13}},"loc":{"start":{"line":56,"column":18},"end":{"line":81,"column":3}},"line":56},"5":{"name":"handleResize","decl":{"start":{"line":57,"column":13},"end":{"line":57,"column":25}},"loc":{"start":{"line":57,"column":28},"end":{"line":65,"column":5}},"line":57},"6":{"name":"(anonymous_6)","decl":{"start":{"line":67,"column":27},"end":{"line":67,"column":28}},"loc":{"start":{"line":67,"column":33},"end":{"line":73,"column":5}},"line":67},"7":{"name":"(anonymous_7)","decl":{"start":{"line":78,"column":11},"end":{"line":78,"column":12}},"loc":{"start":{"line":78,"column":17},"end":{"line":80,"column":5}},"line":78},"8":{"name":"(anonymous_8)","decl":{"start":{"line":95,"column":22},"end":{"line":95,"column":23}},"loc":{"start":{"line":95,"column":29},"end":{"line":95,"column":43}},"line":95},"9":{"name":"(anonymous_9)","decl":{"start":{"line":101,"column":39},"end":{"line":101,"column":40}},"loc":{"start":{"line":102,"column":14},"end":{"line":104,"column":21}},"line":102},"10":{"name":"(anonymous_10)","decl":{"start":{"line":116,"column":37},"end":{"line":116,"column":38}},"loc":{"start":{"line":116,"column":54},"end":{"line":134,"column":11}},"line":116}},"branchMap":{"0":{"loc":{"start":{"line":31,"column":6},"end":{"line":35,"column":7}},"type":"if","locations":[{"start":{"line":31,"column":6},"end":{"line":35,"column":7}},{"start":{"line":33,"column":13},"end":{"line":35,"column":7}}],"line":31},"1":{"loc":{"start":{"line":38,"column":4},"end":{"line":50,"column":5}},"type":"if","locations":[{"start":{"line":38,"column":4},"end":{"line":50,"column":5}},{"start":{"line":45,"column":11},"end":{"line":50,"column":5}}],"line":38},"2":{"loc":{"start":{"line":40,"column":6},"end":{"line":44,"column":7}},"type":"if","locations":[{"start":{"line":40,"column":6},"end":{"line":44,"column":7}},{"start":{"line":42,"column":13},"end":{"line":44,"column":7}}],"line":40},"3":{"loc":{"start":{"line":47,"column":6},"end":{"line":49,"column":7}},"type":"if","locations":[{"start":{"line":47,"column":6},"end":{"line":49,"column":7}},{"start":{},"end":{}}],"line":47},"4":{"loc":{"start":{"line":54,"column":20},"end":{"line":54,"column":70}},"type":"cond-expr","locations":[{"start":{"line":54,"column":33},"end":{"line":54,"column":46}},{"start":{"line":54,"column":49},"end":{"line":54,"column":70}}],"line":54},"5":{"loc":{"start":{"line":58,"column":6},"end":{"line":64,"column":7}},"type":"if","locations":[{"start":{"line":58,"column":6},"end":{"line":64,"column":7}},{"start":{"line":60,"column":13},"end":{"line":64,"column":7}}],"line":58},"6":{"loc":{"start":{"line":60,"column":13},"end":{"line":64,"column":7}},"type":"if","locations":[{"start":{"line":60,"column":13},"end":{"line":64,"column":7}},{"start":{"line":62,"column":13},"end":{"line":64,"column":7}}],"line":60},"7":{"loc":{"start":{"line":68,"column":6},"end":{"line":72,"column":7}},"type":"if","locations":[{"start":{"line":68,"column":6},"end":{"line":72,"column":7}},{"start":{"line":70,"column":13},"end":{"line":72,"column":7}}],"line":68},"8":{"loc":{"start":{"line":84,"column":23},"end":{"line":84,"column":65}},"type":"cond-expr","locations":[{"start":{"line":84,"column":44},"end":{"line":84,"column":60}},{"start":{"line":84,"column":63},"end":{"line":84,"column":65}}],"line":84},"9":{"loc":{"start":{"line":85,"column":25},"end":{"line":85,"column":98}},"type":"cond-expr","locations":[{"start":{"line":85,"column":46},"end":{"line":85,"column":63}},{"start":{"line":85,"column":66},"end":{"line":85,"column":98}}],"line":85},"10":{"loc":{"start":{"line":90,"column":27},"end":{"line":90,"column":91}},"type":"cond-expr","locations":[{"start":{"line":90,"column":48},"end":{"line":90,"column":61}},{"start":{"line":90,"column":64},"end":{"line":90,"column":91}}],"line":90},"11":{"loc":{"start":{"line":100,"column":11},"end":{"line":106,"column":16}},"type":"cond-expr","locations":[{"start":{"line":100,"column":22},"end":{"line":100,"column":84}},{"start":{"line":100,"column":87},"end":{"line":106,"column":16}}],"line":100},"12":{"loc":{"start":{"line":108,"column":27},"end":{"line":108,"column":70}},"type":"cond-expr","locations":[{"start":{"line":108,"column":48},"end":{"line":108,"column":57}},{"start":{"line":108,"column":60},"end":{"line":108,"column":70}}],"line":108},"13":{"loc":{"start":{"line":109,"column":23},"end":{"line":109,"column":56}},"type":"cond-expr","locations":[{"start":{"line":109,"column":36},"end":{"line":109,"column":44}},{"start":{"line":109,"column":47},"end":{"line":109,"column":56}}],"line":109},"14":{"loc":{"start":{"line":113,"column":7},"end":{"line":137,"column":144}},"type":"cond-expr","locations":[{"start":{"line":113,"column":19},"end":{"line":136,"column":12}},{"start":{"line":136,"column":16},"end":{"line":137,"column":144}}],"line":113},"15":{"loc":{"start":{"line":120,"column":12},"end":{"line":122,"column":13}},"type":"if","locations":[{"start":{"line":120,"column":12},"end":{"line":122,"column":13}},{"start":{},"end":{}}],"line":120},"16":{"loc":{"start":{"line":127,"column":19},"end":{"line":127,"column":97}},"type":"cond-expr","locations":[{"start":{"line":127,"column":29},"end":{"line":127,"column":90}},{"start":{"line":127,"column":93},"end":{"line":127,"column":97}}],"line":127},"17":{"loc":{"start":{"line":128,"column":19},"end":{"line":128,"column":93}},"type":"cond-expr","locations":[{"start":{"line":128,"column":27},"end":{"line":128,"column":86}},{"start":{"line":128,"column":89},"end":{"line":128,"column":93}}],"line":128},"18":{"loc":{"start":{"line":129,"column":19},"end":{"line":129,"column":89}},"type":"cond-expr","locations":[{"start":{"line":129,"column":27},"end":{"line":129,"column":82}},{"start":{"line":129,"column":85},"end":{"line":129,"column":89}}],"line":129},"19":{"loc":{"start":{"line":130,"column":19},"end":{"line":130,"column":80}},"type":"cond-expr","locations":[{"start":{"line":130,"column":47},"end":{"line":130,"column":73}},{"start":{"line":130,"column":76},"end":{"line":130,"column":80}}],"line":130},"20":{"loc":{"start":{"line":130,"column":19},"end":{"line":130,"column":44}},"type":"binary-expr","locations":[{"start":{"line":130,"column":19},"end":{"line":130,"column":26}},{"start":{"line":130,"column":30},"end":{"line":130,"column":35}},{"start":{"line":130,"column":39},"end":{"line":130,"column":44}}],"line":130},"21":{"loc":{"start":{"line":136,"column":16},"end":{"line":137,"column":144}},"type":"binary-expr","locations":[{"start":{"line":136,"column":16},"end":{"line":136,"column":34}},{"start":{"line":136,"column":38},"end":{"line":137,"column":144}}],"line":136}},"s":{"0":11,"1":11,"2":11,"3":11,"4":11,"5":1,"6":1,"7":1,"8":11,"9":2,"10":2,"11":2,"12":2,"13":1,"14":1,"15":2,"16":1,"17":1,"18":1,"19":0,"20":1,"21":1,"22":1,"23":2,"24":11,"25":11,"26":5,"27":5,"28":0,"29":0,"30":0,"31":5,"32":5,"33":4,"34":1,"35":5,"36":5,"37":5,"38":5,"39":11,"40":2,"41":13,"42":0,"43":0,"44":0,"45":0,"46":0,"47":0},"f":{"0":11,"1":1,"2":2,"3":2,"4":5,"5":5,"6":5,"7":5,"8":2,"9":13,"10":0},"b":{"0":[1,1],"1":[1,1],"2":[1,0],"3":[1,0],"4":[2,9],"5":[5,0],"6":[0,0],"7":[4,1],"8":[3,8],"9":[3,8],"10":[3,8],"11":[0,11],"12":[3,8],"13":[2,9],"14":[0,11],"15":[0,0],"16":[0,0],"17":[0,0],"18":[0,0],"19":[0,0],"20":[0,0,0],"21":[11,3]},"_coverageSchema":"1a1c01bbd47fc00a2c39e90264f33305004495a9","hash":"cc605cb62bca74565ba56f081def5244dc577c75"}
,"D:\\ESTUDIO_PROYECTOS\\REACT\\proyect_List\\text-list\\src\\helpers.js": {"path":"D:\\ESTUDIO_PROYECTOS\\REACT\\proyect_List\\text-list\\src\\helpers.js","statementMap":{"0":{"start":{"line":1,"column":31},"end":{"line":13,"column":1}},"1":{"start":{"line":2,"column":2},"end":{"line":12,"column":3}},"2":{"start":{"line":3,"column":4},"end":{"line":3,"column":54}},"3":{"start":{"line":4,"column":9},"end":{"line":12,"column":3}},"4":{"start":{"line":5,"column":4},"end":{"line":5,"column":55}},"5":{"start":{"line":6,"column":9},"end":{"line":12,"column":3}},"6":{"start":{"line":7,"column":4},"end":{"line":7,"column":62}},"7":{"start":{"line":8,"column":9},"end":{"line":12,"column":3}},"8":{"start":{"line":9,"column":4},"end":{"line":9,"column":57}},"9":{"start":{"line":11,"column":4},"end":{"line":11,"column":51}},"10":{"start":{"line":15,"column":28},"end":{"line":18,"column":1}},"11":{"start":{"line":16,"column":21},"end":{"line":16,"column":74}},"12":{"start":{"line":17,"column":2},"end":{"line":17,"column":31}},"13":{"start":{"line":20,"column":26},"end":{"line":23,"column":1}},"14":{"start":{"line":21,"column":19},"end":{"line":21,"column":111}},"15":{"start":{"line":22,"column":2},"end":{"line":22,"column":29}},"16":{"start":{"line":25,"column":28},"end":{"line":37,"column":1}},"17":{"start":{"line":26,"column":2},"end":{"line":36,"column":3}},"18":{"start":{"line":27,"column":4},"end":{"line":27,"column":23}},"19":{"start":{"line":28,"column":9},"end":{"line":36,"column":3}},"20":{"start":{"line":29,"column":4},"end":{"line":29,"column":24}},"21":{"start":{"line":30,"column":9},"end":{"line":36,"column":3}},"22":{"start":{"line":31,"column":4},"end":{"line":31,"column":26}},"23":{"start":{"line":32,"column":9},"end":{"line":36,"column":3}},"24":{"start":{"line":33,"column":4},"end":{"line":33,"column":22}},"25":{"start":{"line":35,"column":4},"end":{"line":35,"column":20}}},"fnMap":{"0":{"name":"(anonymous_0)","decl":{"start":{"line":1,"column":31},"end":{"line":1,"column":32}},"loc":{"start":{"line":1,"column":41},"end":{"line":13,"column":1}},"line":1},"1":{"name":"(anonymous_1)","decl":{"start":{"line":15,"column":28},"end":{"line":15,"column":29}},"loc":{"start":{"line":15,"column":38},"end":{"line":18,"column":1}},"line":15},"2":{"name":"(anonymous_2)","decl":{"start":{"line":20,"column":26},"end":{"line":20,"column":27}},"loc":{"start":{"line":20,"column":36},"end":{"line":23,"column":1}},"line":20},"3":{"name":"(anonymous_3)","decl":{"start":{"line":25,"column":28},"end":{"line":25,"column":29}},"loc":{"start":{"line":25,"column":38},"end":{"line":37,"column":1}},"line":25}},"branchMap":{"0":{"loc":{"start":{"line":2,"column":2},"end":{"line":12,"column":3}},"type":"if","locations":[{"start":{"line":2,"column":2},"end":{"line":12,"column":3}},{"start":{"line":4,"column":9},"end":{"line":12,"column":3}}],"line":2},"1":{"loc":{"start":{"line":4,"column":9},"end":{"line":12,"column":3}},"type":"if","locations":[{"start":{"line":4,"column":9},"end":{"line":12,"column":3}},{"start":{"line":6,"column":9},"end":{"line":12,"column":3}}],"line":4},"2":{"loc":{"start":{"line":6,"column":9},"end":{"line":12,"column":3}},"type":"if","locations":[{"start":{"line":6,"column":9},"end":{"line":12,"column":3}},{"start":{"line":8,"column":9},"end":{"line":12,"column":3}}],"line":6},"3":{"loc":{"start":{"line":8,"column":9},"end":{"line":12,"column":3}},"type":"if","locations":[{"start":{"line":8,"column":9},"end":{"line":12,"column":3}},{"start":{"line":10,"column":9},"end":{"line":12,"column":3}}],"line":8},"4":{"loc":{"start":{"line":26,"column":2},"end":{"line":36,"column":3}},"type":"if","locations":[{"start":{"line":26,"column":2},"end":{"line":36,"column":3}},{"start":{"line":28,"column":9},"end":{"line":36,"column":3}}],"line":26},"5":{"loc":{"start":{"line":28,"column":9},"end":{"line":36,"column":3}},"type":"if","locations":[{"start":{"line":28,"column":9},"end":{"line":36,"column":3}},{"start":{"line":30,"column":9},"end":{"line":36,"column":3}}],"line":28},"6":{"loc":{"start":{"line":30,"column":9},"end":{"line":36,"column":3}},"type":"if","locations":[{"start":{"line":30,"column":9},"end":{"line":36,"column":3}},{"start":{"line":32,"column":9},"end":{"line":36,"column":3}}],"line":30},"7":{"loc":{"start":{"line":32,"column":9},"end":{"line":36,"column":3}},"type":"if","locations":[{"start":{"line":32,"column":9},"end":{"line":36,"column":3}},{"start":{"line":34,"column":9},"end":{"line":36,"column":3}}],"line":32}},"s":{"0":1,"1":5,"2":1,"3":4,"4":1,"5":3,"6":1,"7":2,"8":1,"9":1,"10":1,"11":19,"12":19,"13":1,"14":17,"15":17,"16":1,"17":18,"18":1,"19":17,"20":1,"21":16,"22":1,"23":15,"24":1,"25":14},"f":{"0":5,"1":19,"2":17,"3":18},"b":{"0":[1,4],"1":[1,3],"2":[1,2],"3":[1,1],"4":[1,17],"5":[1,16],"6":[1,15],"7":[1,14]},"_coverageSchema":"1a1c01bbd47fc00a2c39e90264f33305004495a9","hash":"2b0701f140d33f4f0e397ccd20960d85c7206712"}
,"D:\\ESTUDIO_PROYECTOS\\REACT\\proyect_List\\text-list\\src\\components\\Buttons.js": {"path":"D:\\ESTUDIO_PROYECTOS\\REACT\\proyect_List\\text-list\\src\\components\\Buttons.js","statementMap":{"0":{"start":{"line":15,"column":24},"end":{"line":24,"column":3}},"1":{"start":{"line":16,"column":4},"end":{"line":23,"column":5}},"2":{"start":{"line":17,"column":6},"end":{"line":17,"column":35}},"3":{"start":{"line":18,"column":6},"end":{"line":18,"column":24}},"4":{"start":{"line":19,"column":6},"end":{"line":19,"column":25}},"5":{"start":{"line":21,"column":6},"end":{"line":21,"column":24}},"6":{"start":{"line":22,"column":6},"end":{"line":22,"column":35}},"7":{"start":{"line":26,"column":2},"end":{"line":55,"column":3}}},"fnMap":{"0":{"name":"Buttons","decl":{"start":{"line":13,"column":24},"end":{"line":13,"column":31}},"loc":{"start":{"line":13,"column":120},"end":{"line":56,"column":1}},"line":13},"1":{"name":"(anonymous_1)","decl":{"start":{"line":15,"column":24},"end":{"line":15,"column":25}},"loc":{"start":{"line":15,"column":31},"end":{"line":24,"column":3}},"line":15}},"branchMap":{"0":{"loc":{"start":{"line":16,"column":4},"end":{"line":23,"column":5}},"type":"if","locations":[{"start":{"line":16,"column":4},"end":{"line":23,"column":5}},{"start":{"line":20,"column":11},"end":{"line":23,"column":5}}],"line":16},"1":{"loc":{"start":{"line":28,"column":36},"end":{"line":28,"column":93}},"type":"cond-expr","locations":[{"start":{"line":28,"column":49},"end":{"line":28,"column":66}},{"start":{"line":28,"column":69},"end":{"line":28,"column":93}}],"line":28},"2":{"loc":{"start":{"line":29,"column":21},"end":{"line":29,"column":55}},"type":"cond-expr","locations":[{"start":{"line":29,"column":34},"end":{"line":29,"column":43}},{"start":{"line":29,"column":46},"end":{"line":29,"column":55}}],"line":29},"3":{"loc":{"start":{"line":32,"column":28},"end":{"line":32,"column":85}},"type":"cond-expr","locations":[{"start":{"line":32,"column":41},"end":{"line":32,"column":58}},{"start":{"line":32,"column":61},"end":{"line":32,"column":85}}],"line":32},"4":{"loc":{"start":{"line":33,"column":21},"end":{"line":33,"column":54}},"type":"cond-expr","locations":[{"start":{"line":33,"column":34},"end":{"line":33,"column":42}},{"start":{"line":33,"column":45},"end":{"line":33,"column":54}}],"line":33},"5":{"loc":{"start":{"line":36,"column":28},"end":{"line":36,"column":85}},"type":"cond-expr","locations":[{"start":{"line":36,"column":41},"end":{"line":36,"column":58}},{"start":{"line":36,"column":61},"end":{"line":36,"column":85}}],"line":36},"6":{"loc":{"start":{"line":37,"column":21},"end":{"line":37,"column":50}},"type":"cond-expr","locations":[{"start":{"line":37,"column":34},"end":{"line":37,"column":40}},{"start":{"line":37,"column":43},"end":{"line":37,"column":50}}],"line":37},"7":{"loc":{"start":{"line":40,"column":28},"end":{"line":40,"column":85}},"type":"cond-expr","locations":[{"start":{"line":40,"column":41},"end":{"line":40,"column":58}},{"start":{"line":40,"column":61},"end":{"line":40,"column":85}}],"line":40},"8":{"loc":{"start":{"line":41,"column":21},"end":{"line":41,"column":44}},"type":"cond-expr","locations":[{"start":{"line":41,"column":34},"end":{"line":41,"column":37}},{"start":{"line":41,"column":40},"end":{"line":41,"column":44}}],"line":41},"9":{"loc":{"start":{"line":44,"column":28},"end":{"line":44,"column":85}},"type":"cond-expr","locations":[{"start":{"line":44,"column":41},"end":{"line":44,"column":58}},{"start":{"line":44,"column":61},"end":{"line":44,"column":85}}],"line":44},"10":{"loc":{"start":{"line":45,"column":21},"end":{"line":45,"column":54}},"type":"cond-expr","locations":[{"start":{"line":45,"column":34},"end":{"line":45,"column":42}},{"start":{"line":45,"column":45},"end":{"line":45,"column":54}}],"line":45}},"s":{"0":8,"1":3,"2":0,"3":0,"4":0,"5":1,"6":1,"7":8},"f":{"0":8,"1":3},"b":{"0":[0,1],"1":[3,5],"2":[3,5],"3":[3,5],"4":[3,5],"5":[3,5],"6":[3,5],"7":[3,5],"8":[3,5],"9":[3,5],"10":[3,5]},"_coverageSchema":"1a1c01bbd47fc00a2c39e90264f33305004495a9","hash":"be06490cad5b7f42a39175cb43cf4e35d179c540"}
}
