TN:
SF:src\App.js
FN:14,App
FN:20,(anonymous_1)
FN:26,(anonymous_2)
FN:30,(anonymous_3)
FN:56,(anonymous_4)
FN:57,handleResize
FN:67,(anonymous_6)
FN:78,(anonymous_7)
FN:95,(anonymous_8)
FN:101,(anonymous_9)
FN:116,(anonymous_10)
FNF:11
FNH:10
FNDA:11,App
FNDA:1,(anonymous_1)
FNDA:2,(anonymous_2)
FNDA:2,(anonymous_3)
FNDA:5,(anonymous_4)
FNDA:5,handleResize
FNDA:5,(anonymous_6)
FNDA:5,(anonymous_7)
FNDA:2,(anonymous_8)
FNDA:13,(anonymous_9)
FNDA:0,(anonymous_10)
DA:15,11
DA:16,11
DA:17,11
DA:18,11
DA:20,11
DA:21,1
DA:22,1
DA:23,1
DA:26,11
DA:27,2
DA:28,2
DA:30,2
DA:31,2
DA:32,1
DA:34,1
DA:38,2
DA:39,1
DA:40,1
DA:41,1
DA:43,0
DA:46,1
DA:47,1
DA:48,1
DA:51,2
DA:54,11
DA:56,11
DA:58,5
DA:59,5
DA:60,0
DA:61,0
DA:63,0
DA:67,5
DA:68,5
DA:69,4
DA:71,1
DA:75,5
DA:76,5
DA:78,5
DA:79,5
DA:83,11
DA:95,2
DA:102,13
DA:117,0
DA:118,0
DA:119,0
DA:120,0
DA:121,0
DA:124,0
LF:48
LH:38
BRDA:31,0,0,1
BRDA:31,0,1,1
BRDA:38,1,0,1
BRDA:38,1,1,1
BRDA:40,2,0,1
BRDA:40,2,1,0
BRDA:47,3,0,1
BRDA:47,3,1,0
BRDA:54,4,0,2
BRDA:54,4,1,9
BRDA:58,5,0,5
BRDA:58,5,1,0
BRDA:60,6,0,0
BRDA:60,6,1,0
BRDA:68,7,0,4
BRDA:68,7,1,1
BRDA:84,8,0,3
BRDA:84,8,1,8
BRDA:85,9,0,3
BRDA:85,9,1,8
BRDA:90,10,0,3
BRDA:90,10,1,8
BRDA:100,11,0,0
BRDA:100,11,1,11
BRDA:108,12,0,3
BRDA:108,12,1,8
BRDA:109,13,0,2
BRDA:109,13,1,9
BRDA:113,14,0,0
BRDA:113,14,1,11
BRDA:120,15,0,0
BRDA:120,15,1,0
BRDA:127,16,0,0
BRDA:127,16,1,0
BRDA:128,17,0,0
BRDA:128,17,1,0
BRDA:129,18,0,0
BRDA:129,18,1,0
BRDA:130,19,0,0
BRDA:130,19,1,0
BRDA:130,20,0,0
BRDA:130,20,1,0
BRDA:130,20,2,0
BRDA:136,21,0,11
BRDA:136,21,1,3
BRF:45
BRH:25
end_of_record
TN:
SF:src\helpers.js
FN:1,(anonymous_0)
FN:15,(anonymous_1)
FN:20,(anonymous_2)
FN:25,(anonymous_3)
FNF:4
FNH:4
FNDA:5,(anonymous_0)
FNDA:19,(anonymous_1)
FNDA:17,(anonymous_2)
FNDA:18,(anonymous_3)
DA:1,1
DA:2,5
DA:3,1
DA:4,4
DA:5,1
DA:6,3
DA:7,1
DA:8,2
DA:9,1
DA:11,1
DA:15,1
DA:16,19
DA:17,19
DA:20,1
DA:21,17
DA:22,17
DA:25,1
DA:26,18
DA:27,1
DA:28,17
DA:29,1
DA:30,16
DA:31,1
DA:32,15
DA:33,1
DA:35,14
LF:26
LH:26
BRDA:2,0,0,1
BRDA:2,0,1,4
BRDA:4,1,0,1
BRDA:4,1,1,3
BRDA:6,2,0,1
BRDA:6,2,1,2
BRDA:8,3,0,1
BRDA:8,3,1,1
BRDA:26,4,0,1
BRDA:26,4,1,17
BRDA:28,5,0,1
BRDA:28,5,1,16
BRDA:30,6,0,1
BRDA:30,6,1,15
BRDA:32,7,0,1
BRDA:32,7,1,14
BRF:16
BRH:16
end_of_record
TN:
SF:src\components\Buttons.js
FN:13,Buttons
FN:15,(anonymous_1)
FNF:2
FNH:2
FNDA:8,Buttons
FNDA:3,(anonymous_1)
DA:15,8
DA:16,3
DA:17,0
DA:18,0
DA:19,0
DA:21,1
DA:22,1
DA:26,8
LF:8
LH:5
BRDA:16,0,0,0
BRDA:16,0,1,1
BRDA:28,1,0,3
BRDA:28,1,1,5
BRDA:29,2,0,3
BRDA:29,2,1,5
BRDA:32,3,0,3
BRDA:32,3,1,5
BRDA:33,4,0,3
BRDA:33,4,1,5
BRDA:36,5,0,3
BRDA:36,5,1,5
BRDA:37,6,0,3
BRDA:37,6,1,5
BRDA:40,7,0,3
BRDA:40,7,1,5
BRDA:41,8,0,3
BRDA:41,8,1,5
BRDA:44,9,0,3
BRDA:44,9,1,5
BRDA:45,10,0,3
BRDA:45,10,1,5
BRF:22
BRH:21
end_of_record
